2025-04-20 15:35:54,057 - INFO - 
Shutting down...
2025-04-20 15:43:54,316 - INFO - 
Shutting down...
2025-04-20 15:56:11,994 - INFO - 
Shutting down...
2025-04-20 15:56:14,798 - INFO - Configured GPIO 23 as OUTPUT
2025-04-20 15:56:14,799 - INFO - Configured GPIO 24 as OUTPUT
2025-04-20 15:56:14,800 - INFO - Configured GPIO 25 as OUTPUT
2025-04-20 15:56:14,801 - INFO - Configured GPIO 16 as OUTPUT
2025-04-20 15:56:14,802 - INFO - Configured GPIO 20 as OUTPUT
2025-04-20 15:56:14,803 - INFO - Configured GPIO 21 as OUTPUT
2025-04-20 15:56:56,644 - INFO - Configured GPIO 23 as OUTPUT
2025-04-20 15:56:56,645 - INFO - Configured GPIO 24 as OUTPUT
2025-04-20 15:56:56,646 - INFO - Configured GPIO 25 as OUTPUT
2025-04-20 15:56:56,647 - INFO - Configured GPIO 16 as OUTPUT
2025-04-20 15:56:56,648 - INFO - Configured GPIO 20 as OUTPUT
2025-04-20 15:56:56,648 - INFO - Configured GPIO 21 as OUTPUT
2025-04-20 16:05:19,850 - INFO - Configured GPIO 23 as OUTPUT
2025-04-20 16:05:19,851 - INFO - Configured GPIO 24 as OUTPUT
2025-04-20 16:05:19,855 - INFO - Configured GPIO 25 as OUTPUT
2025-04-20 16:05:19,856 - INFO - Configured GPIO 16 as OUTPUT
2025-04-20 16:05:19,857 - INFO - Configured GPIO 20 as OUTPUT
2025-04-20 16:05:19,858 - INFO - Configured GPIO 21 as OUTPUT
2025-04-20 16:05:45,311 - INFO - Configured GPIO 23 as OUTPUT
2025-04-20 16:05:45,312 - INFO - Configured GPIO 24 as OUTPUT
2025-04-20 16:05:45,313 - INFO - Configured GPIO 25 as OUTPUT
2025-04-20 16:05:45,314 - INFO - Configured GPIO 16 as OUTPUT
2025-04-20 16:05:45,314 - INFO - Configured GPIO 20 as OUTPUT
2025-04-20 16:05:45,315 - INFO - Configured GPIO 21 as OUTPUT
2025-04-20 16:06:20,971 - INFO - Configured GPIO 23 as OUTPUT
2025-04-20 16:06:20,972 - INFO - Configured GPIO 24 as OUTPUT
2025-04-20 16:06:20,973 - INFO - Configured GPIO 25 as OUTPUT
2025-04-20 16:06:20,974 - INFO - Configured GPIO 16 as OUTPUT
2025-04-20 16:06:20,974 - INFO - Configured GPIO 20 as OUTPUT
2025-04-20 16:06:20,975 - INFO - Configured GPIO 21 as OUTPUT
2025-04-20 16:06:20,977 - INFO - Slave controller initialized
2025-04-20 16:06:20,978 - INFO - Starting slave controller...
2025-04-20 16:08:36,260 - INFO - 
Shutting down...
2025-04-20 16:08:36,262 - INFO - Resources cleaned up
2025-04-20 16:42:01,976 - INFO - 
Shutting down...
2025-04-20 17:04:45,912 - INFO - 
Shutting down...
